#! /usr/bin/vvp
:ivl_version "11.0 (stable)";
:ivl_delay_selection "TYPICAL";
:vpi_time_precision - 12;
:vpi_module "/usr/lib/x86_64-linux-gnu/ivl/system.vpi";
:vpi_module "/usr/lib/x86_64-linux-gnu/ivl/vhdl_sys.vpi";
:vpi_module "/usr/lib/x86_64-linux-gnu/ivl/vhdl_textio.vpi";
:vpi_module "/usr/lib/x86_64-linux-gnu/ivl/v2005_math.vpi";
:vpi_module "/usr/lib/x86_64-linux-gnu/ivl/va_math.vpi";
S_0x55e755ecd010 .scope module, "regset6_tb" "regset6_tb" 2 59;
 .timescale -9 -12;
v0x55e755ee82a0_0 .net "A", 3 0, v0x55e755e8eba0_0;  1 drivers
v0x55e755ee8380_0 .net "B", 3 0, v0x55e755ee7650_0;  1 drivers
v0x55e755ee8420_0 .var "RA", 2 0;
v0x55e755ee84c0_0 .var "RB", 2 0;
v0x55e755ee8590_0 .var "Reg_EN", 0 0;
v0x55e755ee8630_0 .var "WR", 2 0;
v0x55e755ee8700_0 .var "WRD", 3 0;
v0x55e755ee87d0_0 .var "clk", 0 0;
S_0x55e755ecd1a0 .scope module, "dip" "regset6" 2 69, 2 1 0, S_0x55e755ecd010;
 .timescale 0 0;
    .port_info 0 /INPUT 3 "RA";
    .port_info 1 /INPUT 3 "RB";
    .port_info 2 /INPUT 4 "WRD";
    .port_info 3 /INPUT 3 "WR";
    .port_info 4 /INPUT 1 "clock";
    .port_info 5 /INPUT 1 "Reg_EN";
    .port_info 6 /OUTPUT 4 "A";
    .port_info 7 /OUTPUT 4 "B";
v0x55e755e8eba0_0 .var "A", 3 0;
v0x55e755ee7650_0 .var "B", 3 0;
v0x55e755ee7730_0 .net "RA", 2 0, v0x55e755ee8420_0;  1 drivers
v0x55e755ee77f0_0 .net "RB", 2 0, v0x55e755ee84c0_0;  1 drivers
v0x55e755ee78d0_0 .net "Reg_EN", 0 0, v0x55e755ee8590_0;  1 drivers
v0x55e755ee79e0_0 .net "WR", 2 0, v0x55e755ee8630_0;  1 drivers
v0x55e755ee7ac0_0 .net "WRD", 3 0, v0x55e755ee8700_0;  1 drivers
v0x55e755ee7ba0_0 .net "clock", 0 0, v0x55e755ee87d0_0;  1 drivers
v0x55e755ee7c60_0 .var "reg0", 3 0;
v0x55e755ee7d40_0 .var "reg1", 3 0;
v0x55e755ee7e20_0 .var "reg2", 3 0;
v0x55e755ee7f00_0 .var "reg3", 3 0;
v0x55e755ee7fe0_0 .var "reg4", 3 0;
v0x55e755ee80c0_0 .var "reg5", 3 0;
E_0x55e755ec78e0/0 .event edge, v0x55e755ee7730_0, v0x55e755ee7c60_0, v0x55e755ee7d40_0, v0x55e755ee7e20_0;
E_0x55e755ec78e0/1 .event edge, v0x55e755ee7f00_0, v0x55e755ee7fe0_0, v0x55e755ee80c0_0, v0x55e755ee77f0_0;
E_0x55e755ec78e0 .event/or E_0x55e755ec78e0/0, E_0x55e755ec78e0/1;
E_0x55e755ec7a60 .event posedge, v0x55e755ee7ba0_0;
    .scope S_0x55e755ecd1a0;
T_0 ;
    %wait E_0x55e755ec7a60;
    %load/vec4 v0x55e755ee78d0_0;
    %pad/u 32;
    %pushi/vec4 1, 0, 32;
    %cmp/e;
    %flag_get/vec4 4;
    %load/vec4 v0x55e755ee79e0_0;
    %pushi/vec4 0, 0, 3;
    %cmp/e;
    %flag_get/vec4 4;
    %and;
    %flag_set/vec4 8;
    %jmp/0xz  T_0.0, 8;
    %load/vec4 v0x55e755ee7ac0_0;
    %assign/vec4 v0x55e755ee7c60_0, 0;
    %jmp T_0.1;
T_0.0 ;
    %load/vec4 v0x55e755ee78d0_0;
    %pad/u 32;
    %pushi/vec4 1, 0, 32;
    %cmp/e;
    %flag_get/vec4 4;
    %load/vec4 v0x55e755ee79e0_0;
    %pushi/vec4 1, 0, 3;
    %cmp/e;
    %flag_get/vec4 4;
    %and;
    %flag_set/vec4 8;
    %jmp/0xz  T_0.2, 8;
    %load/vec4 v0x55e755ee7ac0_0;
    %assign/vec4 v0x55e755ee7d40_0, 0;
    %jmp T_0.3;
T_0.2 ;
    %load/vec4 v0x55e755ee78d0_0;
    %pad/u 32;
    %pushi/vec4 1, 0, 32;
    %cmp/e;
    %flag_get/vec4 4;
    %load/vec4 v0x55e755ee79e0_0;
    %pushi/vec4 2, 0, 3;
    %cmp/e;
    %flag_get/vec4 4;
    %and;
    %flag_set/vec4 8;
    %jmp/0xz  T_0.4, 8;
    %load/vec4 v0x55e755ee7ac0_0;
    %assign/vec4 v0x55e755ee7e20_0, 0;
    %jmp T_0.5;
T_0.4 ;
    %load/vec4 v0x55e755ee78d0_0;
    %pad/u 32;
    %pushi/vec4 1, 0, 32;
    %cmp/e;
    %flag_get/vec4 4;
    %load/vec4 v0x55e755ee79e0_0;
    %pushi/vec4 3, 0, 3;
    %cmp/e;
    %flag_get/vec4 4;
    %and;
    %flag_set/vec4 8;
    %jmp/0xz  T_0.6, 8;
    %load/vec4 v0x55e755ee7ac0_0;
    %assign/vec4 v0x55e755ee7f00_0, 0;
    %jmp T_0.7;
T_0.6 ;
    %load/vec4 v0x55e755ee78d0_0;
    %pad/u 32;
    %pushi/vec4 1, 0, 32;
    %cmp/e;
    %flag_get/vec4 4;
    %load/vec4 v0x55e755ee79e0_0;
    %pushi/vec4 4, 0, 3;
    %cmp/e;
    %flag_get/vec4 4;
    %and;
    %flag_set/vec4 8;
    %jmp/0xz  T_0.8, 8;
    %load/vec4 v0x55e755ee7ac0_0;
    %assign/vec4 v0x55e755ee7fe0_0, 0;
    %jmp T_0.9;
T_0.8 ;
    %load/vec4 v0x55e755ee78d0_0;
    %pad/u 32;
    %pushi/vec4 1, 0, 32;
    %cmp/e;
    %flag_get/vec4 4;
    %load/vec4 v0x55e755ee79e0_0;
    %pushi/vec4 5, 0, 3;
    %cmp/e;
    %flag_get/vec4 4;
    %and;
    %flag_set/vec4 8;
    %jmp/0xz  T_0.10, 8;
    %load/vec4 v0x55e755ee7ac0_0;
    %assign/vec4 v0x55e755ee80c0_0, 0;
T_0.10 ;
T_0.9 ;
T_0.7 ;
T_0.5 ;
T_0.3 ;
T_0.1 ;
    %jmp T_0;
    .thread T_0;
    .scope S_0x55e755ecd1a0;
T_1 ;
    %wait E_0x55e755ec78e0;
    %load/vec4 v0x55e755ee7730_0;
    %cmpi/e 0, 0, 3;
    %jmp/0xz  T_1.0, 4;
    %load/vec4 v0x55e755ee7c60_0;
    %store/vec4 v0x55e755e8eba0_0, 0, 4;
    %jmp T_1.1;
T_1.0 ;
    %load/vec4 v0x55e755ee7730_0;
    %cmpi/e 1, 0, 3;
    %jmp/0xz  T_1.2, 4;
    %load/vec4 v0x55e755ee7d40_0;
    %store/vec4 v0x55e755e8eba0_0, 0, 4;
    %jmp T_1.3;
T_1.2 ;
    %load/vec4 v0x55e755ee7730_0;
    %cmpi/e 2, 0, 3;
    %jmp/0xz  T_1.4, 4;
    %load/vec4 v0x55e755ee7e20_0;
    %store/vec4 v0x55e755e8eba0_0, 0, 4;
    %jmp T_1.5;
T_1.4 ;
    %load/vec4 v0x55e755ee7730_0;
    %cmpi/e 3, 0, 3;
    %jmp/0xz  T_1.6, 4;
    %load/vec4 v0x55e755ee7f00_0;
    %store/vec4 v0x55e755e8eba0_0, 0, 4;
    %jmp T_1.7;
T_1.6 ;
    %load/vec4 v0x55e755ee7730_0;
    %cmpi/e 4, 0, 3;
    %jmp/0xz  T_1.8, 4;
    %load/vec4 v0x55e755ee7fe0_0;
    %store/vec4 v0x55e755e8eba0_0, 0, 4;
    %jmp T_1.9;
T_1.8 ;
    %load/vec4 v0x55e755ee7730_0;
    %cmpi/e 5, 0, 3;
    %jmp/0xz  T_1.10, 4;
    %load/vec4 v0x55e755ee80c0_0;
    %store/vec4 v0x55e755e8eba0_0, 0, 4;
T_1.10 ;
T_1.9 ;
T_1.7 ;
T_1.5 ;
T_1.3 ;
T_1.1 ;
    %load/vec4 v0x55e755ee77f0_0;
    %cmpi/e 0, 0, 3;
    %jmp/0xz  T_1.12, 4;
    %load/vec4 v0x55e755ee7c60_0;
    %store/vec4 v0x55e755e8eba0_0, 0, 4;
    %jmp T_1.13;
T_1.12 ;
    %load/vec4 v0x55e755ee77f0_0;
    %cmpi/e 1, 0, 3;
    %jmp/0xz  T_1.14, 4;
    %load/vec4 v0x55e755ee7d40_0;
    %store/vec4 v0x55e755ee7650_0, 0, 4;
    %jmp T_1.15;
T_1.14 ;
    %load/vec4 v0x55e755ee77f0_0;
    %cmpi/e 2, 0, 3;
    %jmp/0xz  T_1.16, 4;
    %load/vec4 v0x55e755ee7e20_0;
    %store/vec4 v0x55e755ee7650_0, 0, 4;
    %jmp T_1.17;
T_1.16 ;
    %load/vec4 v0x55e755ee77f0_0;
    %cmpi/e 3, 0, 3;
    %jmp/0xz  T_1.18, 4;
    %load/vec4 v0x55e755ee7f00_0;
    %store/vec4 v0x55e755ee7650_0, 0, 4;
    %jmp T_1.19;
T_1.18 ;
    %load/vec4 v0x55e755ee77f0_0;
    %cmpi/e 4, 0, 3;
    %jmp/0xz  T_1.20, 4;
    %load/vec4 v0x55e755ee7fe0_0;
    %store/vec4 v0x55e755ee7650_0, 0, 4;
    %jmp T_1.21;
T_1.20 ;
    %load/vec4 v0x55e755ee77f0_0;
    %cmpi/e 5, 0, 3;
    %jmp/0xz  T_1.22, 4;
    %load/vec4 v0x55e755ee80c0_0;
    %store/vec4 v0x55e755ee7650_0, 0, 4;
T_1.22 ;
T_1.21 ;
T_1.19 ;
T_1.17 ;
T_1.15 ;
T_1.13 ;
    %jmp T_1;
    .thread T_1, $push;
    .scope S_0x55e755ecd010;
T_2 ;
    %load/vec4 v0x55e755ee87d0_0;
    %inv;
    %store/vec4 v0x55e755ee87d0_0, 0, 1;
    %delay 10000, 0;
    %jmp T_2;
    .thread T_2;
    .scope S_0x55e755ecd010;
T_3 ;
    %pushi/vec4 0, 0, 1;
    %assign/vec4 v0x55e755ee87d0_0, 0;
    %pushi/vec4 0, 0, 1;
    %store/vec4 v0x55e755ee8590_0, 0, 1;
    %pushi/vec4 1, 0, 3;
    %store/vec4 v0x55e755ee8630_0, 0, 3;
    %pushi/vec4 5, 0, 4;
    %store/vec4 v0x55e755ee8700_0, 0, 4;
    %pushi/vec4 2, 0, 3;
    %store/vec4 v0x55e755ee8420_0, 0, 3;
    %pushi/vec4 1, 0, 3;
    %store/vec4 v0x55e755ee84c0_0, 0, 3;
    %delay 20000, 0;
    %pushi/vec4 1, 0, 1;
    %store/vec4 v0x55e755ee8590_0, 0, 1;
    %pushi/vec4 1, 0, 3;
    %store/vec4 v0x55e755ee8630_0, 0, 3;
    %pushi/vec4 5, 0, 4;
    %store/vec4 v0x55e755ee8700_0, 0, 4;
    %pushi/vec4 2, 0, 3;
    %store/vec4 v0x55e755ee8420_0, 0, 3;
    %pushi/vec4 1, 0, 3;
    %store/vec4 v0x55e755ee84c0_0, 0, 3;
    %delay 20000, 0;
    %pushi/vec4 1, 0, 1;
    %store/vec4 v0x55e755ee8590_0, 0, 1;
    %pushi/vec4 2, 0, 3;
    %store/vec4 v0x55e755ee8630_0, 0, 3;
    %pushi/vec4 13, 0, 4;
    %store/vec4 v0x55e755ee8700_0, 0, 4;
    %pushi/vec4 2, 0, 3;
    %store/vec4 v0x55e755ee8420_0, 0, 3;
    %pushi/vec4 1, 0, 3;
    %store/vec4 v0x55e755ee84c0_0, 0, 3;
    %delay 20000, 0;
    %vpi_call 2 82 "$finish" {0 0 0};
    %end;
    .thread T_3;
    .scope S_0x55e755ecd010;
T_4 ;
    %vpi_call 2 88 "$monitor", "clk=%b en=%b WR=%b WRD=%b | RA=%b A=%b  |RB=%b B=%b \012", v0x55e755ee87d0_0, v0x55e755ee8590_0, v0x55e755ee8630_0, v0x55e755ee8700_0, v0x55e755ee8420_0, v0x55e755ee82a0_0, v0x55e755ee84c0_0, v0x55e755ee8380_0 {0 0 0};
    %end;
    .thread T_4;
# The file index is used to find the file name in the following table.
:file_names 3;
    "N/A";
    "<interactive>";
    "6RegSetOf4Bit.v";
